<?xml version="1.0" encoding="UTF-8"?>
<!-- Generated by org.testng.reporters.JUnitReportReporter -->
<testsuite skipped="0" hostname="Hari-PC" name="KrishnaSakinala.krishnaSakinala.FullpageScreenshot" tests="1" failures="0" timestamp="22 Aug 2019 15:41:00 GMT" time="51.494" errors="0">
  <testcase name="fullpageScrshot" time="51.494" classname="KrishnaSakinala.krishnaSakinala.FullpageScreenshot"/>
</testsuite> <!-- KrishnaSakinala.krishnaSakinala.FullpageScreenshot -->
