<?xml version="1.0" encoding="UTF-8"?>
<!-- Generated by org.testng.reporters.JUnitReportReporter -->
<testsuite skipped="0" hostname="Hari-PC" name="KrishnaSakinala.krishnaSakinala.MakeMyTrip" tests="1" failures="0" timestamp="05 Sep 2019 11:21:03 GMT" time="35.876" errors="0">
  <testcase name="findJourney" time="35.876" classname="KrishnaSakinala.krishnaSakinala.MakeMyTrip"/>
</testsuite> <!-- KrishnaSakinala.krishnaSakinala.MakeMyTrip -->
