<?xml version="1.0" encoding="UTF-8"?>
<!-- Generated by org.testng.reporters.JUnitReportReporter -->
<testsuite skipped="0" hostname="Hari-PC" name="KrishnaSakinala.krishnaSakinala.FacebookScreenshot" tests="1" failures="0" timestamp="26 Aug 2019 13:33:50 GMT" time="31.057" errors="0">
  <testcase name="takePageScreenshot" time="31.057" classname="KrishnaSakinala.krishnaSakinala.FacebookScreenshot"/>
</testsuite> <!-- KrishnaSakinala.krishnaSakinala.FacebookScreenshot -->
