<?xml version="1.0" encoding="UTF-8"?>
<!-- Generated by org.testng.reporters.JUnitReportReporter -->
<testsuite skipped="0" hostname="Hari-PC" name="KrishnaSakinala.krishnaSakinala.WebelementScreenshot" tests="1" failures="0" timestamp="22 Aug 2019 15:53:18 GMT" time="16.577" errors="0">
  <testcase name="fullpageScrshot" time="16.577" classname="KrishnaSakinala.krishnaSakinala.WebelementScreenshot"/>
</testsuite> <!-- KrishnaSakinala.krishnaSakinala.WebelementScreenshot -->
