<?xml version="1.0" encoding="UTF-8"?>
<!-- Generated by org.testng.reporters.JUnitReportReporter -->
<testsuite skipped="0" hostname="Hari-PC" name="fakeTestData.FakerAPI" tests="1" failures="0" timestamp="25 Aug 2019 15:22:51 GMT" time="22.513" errors="0">
  <testcase name="passingData" time="22.513" classname="fakeTestData.FakerAPI"/>
</testsuite> <!-- fakeTestData.FakerAPI -->
