<?xml version="1.0" encoding="UTF-8"?>
<!-- Generated by org.testng.reporters.JUnitReportReporter -->
<testsuite skipped="0" hostname="Hari-PC" name="KrishnaSakinala.krishnaSakinala.SliderExample" tests="1" failures="0" timestamp="25 Aug 2019 17:35:39 GMT" time="28.091" errors="0">
  <testcase name="adjustSlider" time="28.091" classname="KrishnaSakinala.krishnaSakinala.SliderExample"/>
</testsuite> <!-- KrishnaSakinala.krishnaSakinala.SliderExample -->
