<?xml version="1.0" encoding="UTF-8"?>
<!-- Generated by org.testng.reporters.JUnitReportReporter -->
<testsuite skipped="0" hostname="Hari-PC" name="fakeTestData.FabricatorAPI" tests="1" failures="0" timestamp="25 Aug 2019 15:21:10 GMT" time="4.164" errors="0">
  <testcase name="fabricatorData" time="4.164" classname="fakeTestData.FabricatorAPI"/>
</testsuite> <!-- fakeTestData.FabricatorAPI -->
