<?xml version="1.0" encoding="UTF-8"?>
<!-- Generated by org.testng.reporters.JUnitReportReporter -->
<testsuite skipped="0" hostname="Hari-PC" name="fakeTestData.JFairyAPI" tests="1" failures="0" timestamp="25 Aug 2019 15:22:14 GMT" time="29.946" errors="0">
  <testcase name="passData" time="29.946" classname="fakeTestData.JFairyAPI"/>
</testsuite> <!-- fakeTestData.JFairyAPI -->
