<?xml version="1.0" encoding="UTF-8"?>
<!-- Generated by org.testng.reporters.JUnitReportReporter -->
<testsuite skipped="0" hostname="Hari-PC" name="fakeTestData.FakerAPI" tests="1" failures="0" timestamp="26 Aug 2019 13:33:50 GMT" time="25.696" errors="0">
  <testcase name="passingData" time="25.696" classname="fakeTestData.FakerAPI"/>
</testsuite> <!-- fakeTestData.FakerAPI -->
