<?xml version="1.0" encoding="UTF-8"?>
<!-- Generated by org.testng.reporters.JUnitReportReporter -->
<testsuite skipped="0" hostname="Hari-PC" name="KrishnaSakinala.krishnaSakinala.RobotClassFileUpload" tests="1" failures="0" timestamp="26 Aug 2019 13:33:50 GMT" time="28.247" errors="0">
  <testcase name="fileUpload" time="28.247" classname="KrishnaSakinala.krishnaSakinala.RobotClassFileUpload"/>
</testsuite> <!-- KrishnaSakinala.krishnaSakinala.RobotClassFileUpload -->
