<?xml version="1.0" encoding="UTF-8"?>
<!-- Generated by org.testng.reporters.JUnitReportReporter -->
<testsuite skipped="0" hostname="Hari-PC" name="KrishnaSakinala.krishnaSakinala.RobotClassFileUpload" tests="1" failures="0" timestamp="22 Aug 2019 16:19:21 GMT" time="19.320" errors="0">
  <testcase name="fileUpload" time="19.320" classname="KrishnaSakinala.krishnaSakinala.RobotClassFileUpload"/>
</testsuite> <!-- KrishnaSakinala.krishnaSakinala.RobotClassFileUpload -->
