<?xml version="1.0" encoding="UTF-8"?>
<!-- Generated by org.testng.reporters.JUnitReportReporter -->
<testsuite skipped="0" hostname="Hari-PC" name="KrishnaSakinala.krishnaSakinala.SliderExample" tests="1" failures="0" timestamp="26 Aug 2019 13:33:50 GMT" time="49.177" errors="0">
  <testcase name="adjustSlider" time="49.177" classname="KrishnaSakinala.krishnaSakinala.SliderExample"/>
</testsuite> <!-- KrishnaSakinala.krishnaSakinala.SliderExample -->
