<?xml version="1.0" encoding="UTF-8"?>
<!-- Generated by org.testng.reporters.JUnitReportReporter -->
<testsuite skipped="0" hostname="Hari-PC" name="fakeTestData.JFairyAPI" tests="1" failures="0" timestamp="26 Aug 2019 13:33:50 GMT" time="24.781" errors="0">
  <testcase name="passData" time="24.781" classname="fakeTestData.JFairyAPI"/>
</testsuite> <!-- fakeTestData.JFairyAPI -->
