<?xml version="1.0" encoding="UTF-8"?>
<!-- Generated by org.testng.reporters.JUnitReportReporter -->
<testsuite skipped="0" hostname="Hari-PC" name="KrishnaSakinala.krishnaSakinala.FacebookScreenshot" tests="1" failures="0" timestamp="22 Aug 2019 15:26:34 GMT" time="36.449" errors="0">
  <testcase name="takePageScreenshot" time="36.449" classname="KrishnaSakinala.krishnaSakinala.FacebookScreenshot"/>
</testsuite> <!-- KrishnaSakinala.krishnaSakinala.FacebookScreenshot -->
