<?xml version="1.0" encoding="UTF-8"?>
<!-- Generated by org.testng.reporters.JUnitReportReporter -->
<testsuite skipped="0" hostname="Hari-PC" name="KrishnaSakinala.krishnaSakinala.FullpageScreenshot" tests="1" failures="0" timestamp="26 Aug 2019 13:33:50 GMT" time="44.337" errors="0">
  <testcase name="fullpageScrshot" time="44.337" classname="KrishnaSakinala.krishnaSakinala.FullpageScreenshot"/>
</testsuite> <!-- KrishnaSakinala.krishnaSakinala.FullpageScreenshot -->
